2025-03-03 12:52:45,338 INFO  [org.jboss.modules] (main) JBoss Modules version 2.1.5.Final
2025-03-03 12:52:45,851 INFO  [org.jboss.msc] (main) JBoss MSC version 1.5.5.Final
2025-03-03 12:52:45,858 INFO  [org.jboss.threads] (main) JBoss Threads version 2.4.0.Final
2025-03-03 12:52:45,935 INFO  [org.jboss.as] (MSC service thread 1-2) WFLYSRV0049: WildFly 33.0.2.Final (WildFly Core 25.0.2.Final) starting
2025-03-03 12:52:45,936 DEBUG [org.jboss.as.config] (MSC service thread 1-2) Configured system properties:
	apple.awt.application.name = Main
	file.encoding = UTF-8
	file.separator = /
	ftp.nonProxyHosts = local|*.local|169.254/16|*.169.254/16
	http.nonProxyHosts = local|*.local|169.254/16|*.169.254/16
	java.awt.headless = true
	java.class.path = /Users/jackjibb/eclipse-workspace/Wildfly/jboss-modules.jar
	java.class.version = 62.0
	java.home = /Library/Java/JavaVirtualMachines/zulu-18.jdk/Contents/Home
	java.io.tmpdir = /var/folders/kn/_m2djrs12bg8k46fvk4ljblm0000gn/T/
	java.library.path = /Users/jackjibb/Library/Java/Extensions:/Library/Java/Extensions:/Network/Library/Java/Extensions:/System/Library/Java/Extensions:/usr/lib/java:.
	java.net.preferIPv4Stack = true
	java.runtime.name = OpenJDK Runtime Environment
	java.runtime.version = 18.0.2.1+1
	java.specification.name = Java Platform API Specification
	java.specification.vendor = Oracle Corporation
	java.specification.version = 18
	java.util.logging.manager = org.jboss.logmanager.LogManager
	java.vendor = Azul Systems, Inc.
	java.vendor.url = http://www.azul.com/
	java.vendor.url.bug = http://www.azul.com/support/
	java.vendor.version = Zulu18.32+13-CA
	java.version = 18.0.2.1
	java.version.date = 2022-08-18
	java.vm.compressedOopsMode = Zero based
	java.vm.info = mixed mode, sharing
	java.vm.name = OpenJDK 64-Bit Server VM
	java.vm.specification.name = Java Virtual Machine Specification
	java.vm.specification.vendor = Oracle Corporation
	java.vm.specification.version = 18
	java.vm.vendor = Azul Systems, Inc.
	java.vm.version = 18.0.2.1+1
	javax.management.builder.initial = org.jboss.as.jmx.PluggableMBeanServerBuilder
	jboss.bind.address = localhost
	jboss.bind.address.management = localhost
	jboss.home.dir = /Users/jackjibb/eclipse-workspace/Wildfly
	jboss.host.name = jacks-macbook-pro
	jboss.modules.system.pkgs = org.jboss.byteman
	jboss.node.name = jacks-macbook-pro
	jboss.qualified.host.name = jacks-macbook-pro.local
	jboss.server.base.dir = /Users/jackjibb/eclipse-workspace/Wildfly/standalone
	jboss.server.config.dir = /Users/jackjibb/eclipse-workspace/Wildfly/standalone/configuration
	jboss.server.data.dir = /Users/jackjibb/eclipse-workspace/Wildfly/standalone/data
	jboss.server.log.dir = /Users/jackjibb/eclipse-workspace/Wildfly/standalone/log
	jboss.server.name = jacks-macbook-pro
	jboss.server.persist.config = true
	jboss.server.temp.dir = /Users/jackjibb/eclipse-workspace/Wildfly/standalone/tmp
	jdk.debug = release
	line.separator = 

	logging.configuration = file:/Users/jackjibb/eclipse-workspace/Wildfly/standalone/configuration/logging.properties
	module.path = /Users/jackjibb/eclipse-workspace/Wildfly/modules
	native.encoding = UTF-8
	org.jboss.boot.log.file = /Users/jackjibb/eclipse-workspace/Wildfly/standalone/log/boot.log
	org.jboss.logmanager.nocolor = true
	org.jboss.resolver.warning = true
	os.arch = aarch64
	os.name = Mac OS X
	os.version = 15.1.1
	path.separator = :
	program.name = JBossTools: WildFly 27+
	socksNonProxyHosts = local|*.local|169.254/16|*.169.254/16
	stderr.encoding = UTF-8
	stdout.encoding = UTF-8
	sun.arch.data.model = 64
	sun.boot.library.path = /Library/Java/JavaVirtualMachines/zulu-18.jdk/Contents/Home/lib
	sun.cpu.endian = little
	sun.io.unicode.encoding = UnicodeBig
	sun.java.command = org.jboss.modules.Main -mp /Users/jackjibb/eclipse-workspace/Wildfly/modules org.jboss.as.standalone -b localhost --server-config=standalone-full.xml -Djboss.server.base.dir=/Users/jackjibb/eclipse-workspace/Wildfly/standalone
	sun.java.launcher = SUN_STANDARD
	sun.jnu.encoding = UTF-8
	sun.management.compiler = HotSpot 64-Bit Tiered Compilers
	sun.rmi.dgc.client.gcInterval = 3600000
	sun.rmi.dgc.server.gcInterval = 3600000
	user.country = GB
	user.dir = /Users/jackjibb/eclipse-workspace/Wildfly/bin
	user.home = /Users/jackjibb
	user.language = en
	user.name = jackjibb
	user.timezone = Europe/London
2025-03-03 12:52:45,936 DEBUG [org.jboss.as.config] (MSC service thread 1-2) VM Arguments: -Dprogram.name=JBossTools: WildFly 27+ -Xms1303m -Xmx1303m -XX:MetaspaceSize=96M -XX:MaxMetaspaceSize=256m -Dorg.jboss.resolver.warning=true -Djava.net.preferIPv4Stack=true -Dsun.rmi.dgc.client.gcInterval=3600000 -Dsun.rmi.dgc.server.gcInterval=3600000 -Djboss.modules.system.pkgs=org.jboss.byteman -Djava.awt.headless=true -Dorg.jboss.boot.log.file=/Users/jackjibb/eclipse-workspace/Wildfly/standalone/log/boot.log -Dlogging.configuration=file:/Users/jackjibb/eclipse-workspace/Wildfly/standalone/configuration/logging.properties -Djboss.home.dir=/Users/jackjibb/eclipse-workspace/Wildfly -Dorg.jboss.logmanager.nocolor=true --add-exports=java.desktop/sun.awt=ALL-UNNAMED --add-exports=java.naming/com.sun.jndi.ldap=ALL-UNNAMED --add-opens=java.base/java.lang=ALL-UNNAMED --add-opens=java.base/java.lang.invoke=ALL-UNNAMED --add-opens=java.base/java.lang.reflect=ALL-UNNAMED --add-opens=java.base/java.io=ALL-UNNAMED --add-opens=java.base/java.security=ALL-UNNAMED --add-opens=java.base/java.util=ALL-UNNAMED --add-opens=java.base/java.util.concurrent=ALL-UNNAMED --add-opens=java.management/javax.management=ALL-UNNAMED --add-opens=java.naming/javax.naming=ALL-UNNAMED --add-exports=java.base/sun.nio.ch=ALL-UNNAMED --add-exports=jdk.unsupported/sun.misc=ALL-UNNAMED --add-exports=jdk.unsupported/sun.reflect=ALL-UNNAMED --add-modules=java.se -Djboss.bind.address.management=localhost -Dfile.encoding=UTF-8 -Dstdout.encoding=UTF-8 -Dstderr.encoding=UTF-8 -XX:+ShowCodeDetailsInExceptionMessages 
2025-03-03 12:52:46,556 INFO  [org.wildfly.security] (Controller Boot Thread) ELY00001: WildFly Elytron version 2.5.2.Final
2025-03-03 12:52:46,816 INFO  [org.jboss.as.server.deployment.scanner] (DeploymentScanner-threads - 1) WFLYDS0004: Found Bank.war in deployment directory. To trigger deployment create a file called Bank.war.dodeploy
2025-03-03 12:52:46,847 INFO  [org.jboss.as.server] (Controller Boot Thread) WFLYSRV0039: Creating http management service using socket-binding (management-http)
2025-03-03 12:52:46,856 INFO  [org.xnio] (MSC service thread 1-1) XNIO version 3.8.16.Final
2025-03-03 12:52:46,860 INFO  [org.xnio.nio] (MSC service thread 1-1) XNIO NIO Implementation Version 3.8.16.Final
2025-03-03 12:52:46,882 INFO  [org.wildfly.extension.elytron.oidc._private] (ServerService Thread Pool -- 55) WFLYOIDC0001: Activating WildFly Elytron OIDC Subsystem
2025-03-03 12:52:46,883 INFO  [org.wildfly.extension.health] (ServerService Thread Pool -- 56) WFLYHEALTH0001: Activating Base Health Subsystem
2025-03-03 12:52:46,887 INFO  [org.jboss.as.clustering.infinispan] (ServerService Thread Pool -- 58) WFLYCLINF0001: Activating Infinispan subsystem.
2025-03-03 12:52:46,902 INFO  [org.wildfly.iiop.openjdk] (ServerService Thread Pool -- 57) WFLYIIOP0001: Activating IIOP Subsystem
2025-03-03 12:52:46,904 INFO  [org.jboss.as.server.deployment] (MSC service thread 1-5) WFLYSRV0027: Starting deployment of "Bank.war" (runtime-name: "Bank.war")
2025-03-03 12:52:46,905 INFO  [org.jboss.as.jsf] (ServerService Thread Pool -- 65) WFLYJSF0007: Activated the following Jakarta Server Faces Implementations: [main]
2025-03-03 12:52:46,915 INFO  [org.wildfly.extension.microprofile.config.smallrye] (ServerService Thread Pool -- 69) WFLYCONF0001: Activating MicroProfile Config Subsystem
2025-03-03 12:52:46,916 INFO  [org.jboss.as.jaxrs] (ServerService Thread Pool -- 60) WFLYRS0016: RESTEasy version 6.2.10.Final
2025-03-03 12:52:46,918 INFO  [org.wildfly.extension.io] (ServerService Thread Pool -- 59) WFLYIO001: Worker 'default' has auto-configured to 16 IO threads with 128 max task threads based on your 8 available processors
2025-03-03 12:52:46,917 INFO  [org.wildfly.extension.microprofile.jwt.smallrye] (ServerService Thread Pool -- 70) WFLYJWT0001: Activating MicroProfile JWT Subsystem
2025-03-03 12:52:46,919 INFO  [org.jboss.as.naming] (ServerService Thread Pool -- 71) WFLYNAM0001: Activating Naming Subsystem
2025-03-03 12:52:46,919 INFO  [org.jboss.as.connector.subsystems.datasources] (ServerService Thread Pool -- 46) WFLYJCA0004: Deploying JDBC-compliant driver class org.h2.Driver (version 2.2)
2025-03-03 12:52:46,923 INFO  [org.jboss.as.connector] (MSC service thread 1-7) WFLYJCA0009: Starting Jakarta Connectors Subsystem (WildFly/IronJacamar 3.0.9.Final)
2025-03-03 12:52:46,927 WARN  [org.jboss.as.txn] (ServerService Thread Pool -- 78) WFLYTX0013: The node-identifier attribute on the /subsystem=transactions is set to the default value. This is a danger for environments running multiple servers. Please make sure the attribute value is unique.
2025-03-03 12:52:46,931 INFO  [org.jboss.as.connector.deployers.jdbc] (MSC service thread 1-7) WFLYJCA0018: Started Driver service with driver-name = h2
2025-03-03 12:52:46,950 INFO  [org.jboss.remoting] (MSC service thread 1-1) JBoss Remoting version 5.0.29.Final
2025-03-03 12:52:46,952 INFO  [org.jboss.as.naming] (MSC service thread 1-2) WFLYNAM0003: Starting Naming Service
2025-03-03 12:52:46,956 INFO  [org.jboss.as.webservices] (ServerService Thread Pool -- 80) WFLYWS0002: Activating WebServices Extension
2025-03-03 12:52:46,959 INFO  [org.jboss.as.mail.extension] (MSC service thread 1-4) WFLYMAIL0001: Bound mail session [java:jboss/mail/Default]
2025-03-03 12:52:46,964 INFO  [org.wildfly.extension.metrics] (ServerService Thread Pool -- 68) WFLYMETRICS0001: Activating Base Metrics Subsystem
2025-03-03 12:52:46,988 INFO  [org.jboss.as.connector.subsystems.datasources] (ServerService Thread Pool -- 46) WFLYJCA0005: Deploying non-JDBC-compliant driver class com.mysql.cj.jdbc.Driver (version 8.0)
2025-03-03 12:52:46,995 WARN  [org.wildfly.extension.elytron] (MSC service thread 1-5) WFLYELY00023: KeyStore file '/Users/jackjibb/eclipse-workspace/Wildfly/standalone/configuration/application.keystore' does not exist. Used blank.
2025-03-03 12:52:46,995 INFO  [org.jboss.as.connector.deployers.jdbc] (MSC service thread 1-3) WFLYJCA0018: Started Driver service with driver-name = mysql
2025-03-03 12:52:47,010 INFO  [org.wildfly.extension.undertow] (MSC service thread 1-8) WFLYUT0003: Undertow 2.3.17.Final starting
2025-03-03 12:52:47,022 WARN  [org.wildfly.extension.elytron] (MSC service thread 1-8) WFLYELY01084: KeyStore /Users/jackjibb/eclipse-workspace/Wildfly/standalone/configuration/application.keystore not found, it will be auto-generated on first use with a self-signed certificate for host localhost
2025-03-03 12:52:47,067 INFO  [org.jboss.as.ejb3] (MSC service thread 1-6) WFLYEJB0482: Strict pool mdb-strict-max-pool is using a max instance size of 32 (per class), which is derived from the number of CPUs on this host.
2025-03-03 12:52:47,071 INFO  [org.jboss.as.ejb3] (MSC service thread 1-1) WFLYEJB0481: Strict pool slsb-strict-max-pool is using a max instance size of 128 (per class), which is derived from thread worker pool sizing.
2025-03-03 12:52:47,106 INFO  [org.wildfly.extension.undertow] (ServerService Thread Pool -- 79) WFLYUT0014: Creating file handler for path '/Users/jackjibb/eclipse-workspace/Wildfly/welcome-content' with options [directory-listing: 'false', follow-symlink: 'false', case-sensitive: 'true', safe-symlink-paths: '[]']
2025-03-03 12:52:47,121 INFO  [org.wildfly.extension.undertow] (MSC service thread 1-1) WFLYUT0012: Started server default-server.
2025-03-03 12:52:47,123 INFO  [org.wildfly.extension.undertow] (MSC service thread 1-5) Queuing requests.
2025-03-03 12:52:47,124 INFO  [org.wildfly.extension.undertow] (MSC service thread 1-5) WFLYUT0018: Host default-host starting
2025-03-03 12:52:47,203 INFO  [org.wildfly.extension.undertow] (MSC service thread 1-1) WFLYUT0006: Undertow HTTP listener default listening on 127.0.0.1:8080
2025-03-03 12:52:47,268 INFO  [org.jboss.as.ejb3] (MSC service thread 1-4) WFLYEJB0493: Jakarta Enterprise Beans subsystem suspension complete
2025-03-03 12:52:47,316 INFO  [org.jboss.as.connector.subsystems.datasources] (MSC service thread 1-4) WFLYJCA0001: Bound data source [java:/BankDS]
2025-03-03 12:52:47,316 INFO  [org.jboss.as.connector.subsystems.datasources] (MSC service thread 1-3) WFLYJCA0001: Bound data source [java:jboss/datasources/ExampleDS]
2025-03-03 12:52:47,318 INFO  [org.wildfly.extension.undertow] (MSC service thread 1-5) WFLYUT0006: Undertow HTTPS listener https listening on 127.0.0.1:8443
